#   x         y(x)            y(x)^2      classical p(x)    V
 -10.000 -0.17113031E-19  0.29285584E-39  0.00000000E+00   50.000000
  -9.900 -0.51787830E-19  0.26819794E-38  0.00000000E+00   49.005000
  -9.800 -0.13846182E-18  0.19171675E-37  0.00000000E+00   48.020000
  -9.700 -0.36099687E-18  0.13031874E-36  0.00000000E+00   47.045000
  -9.600 -0.92956313E-18  0.86408761E-36  0.00000000E+00   46.080000
  -9.500 -0.23683528E-17  0.56090949E-35  0.00000000E+00   45.125000
  -9.400 -0.59720288E-17  0.35665128E-34  0.00000000E+00   44.180000
  -9.300 -0.14904664E-16  0.22214900E-33  0.00000000E+00   43.245000
  -9.200 -0.36817058E-16  0.13554957E-32  0.00000000E+00   42.320000
  -9.100 -0.90012326E-16  0.81022189E-32  0.00000000E+00   41.405000
  -9.000 -0.21781102E-15  0.47441639E-31  0.00000000E+00   40.500000
  -8.900 -0.52165263E-15  0.27212147E-30  0.00000000E+00   39.605000
  -8.800 -0.12365318E-14  0.15290109E-29  0.00000000E+00   38.720000
  -8.700 -0.29010152E-14  0.84158892E-29  0.00000000E+00   37.845000
  -8.600 -0.67361834E-14  0.45376167E-28  0.00000000E+00   36.980000
  -8.500 -0.15480865E-13  0.23965717E-27  0.00000000E+00   36.125000
  -8.400 -0.35212108E-13  0.12398926E-26  0.00000000E+00   35.280000
  -8.300 -0.79268802E-13  0.62835430E-26  0.00000000E+00   34.445000
  -8.200 -0.17661346E-12  0.31192316E-25  0.00000000E+00   33.620000
  -8.100 -0.38945226E-12  0.15167306E-24  0.00000000E+00   32.805000
  -8.000 -0.84994540E-12  0.72240718E-24  0.00000000E+00   32.000000
  -7.900 -0.18358261E-11  0.33702576E-23  0.00000000E+00   31.205000
  -7.800 -0.39243970E-11  0.15400892E-22  0.00000000E+00   30.420000
  -7.700 -0.83025632E-11  0.68932555E-22  0.00000000E+00   29.645000
  -7.600 -0.17383855E-10  0.30219842E-21  0.00000000E+00   28.880000
  -7.500 -0.36022286E-10  0.12976051E-20  0.00000000E+00   28.125000
  -7.400 -0.73872724E-10  0.54571794E-20  0.00000000E+00   27.380000
  -7.300 -0.14992734E-09  0.22478208E-19  0.00000000E+00   26.645000
  -7.200 -0.30113236E-09  0.90680698E-19  0.00000000E+00   25.920000
  -7.100 -0.59856268E-09  0.35827728E-18  0.00000000E+00   25.205000
  -7.000 -0.11774243E-08  0.13863279E-17  0.00000000E+00   24.500000
  -6.900 -0.22920428E-08  0.52534604E-17  0.00000000E+00   23.805000
  -6.800 -0.44154390E-08  0.19496101E-16  0.00000000E+00   23.120000
  -6.700 -0.84174622E-08  0.70853669E-16  0.00000000E+00   22.445000
  -6.600 -0.15879580E-07  0.25216107E-15  0.00000000E+00   21.780000
  -6.500 -0.29644323E-07  0.87878591E-15  0.00000000E+00   21.125000
  -6.400 -0.54762408E-07  0.29989213E-14  0.00000000E+00   20.480000
  -6.300 -0.10010492E-06  0.10020995E-13  0.00000000E+00   19.845000
  -6.200 -0.18107284E-06  0.32787372E-13  0.00000000E+00   19.220000
  -6.100 -0.32409238E-06  0.10503587E-12  0.00000000E+00   18.605000
  -6.000 -0.57397668E-06  0.32944923E-12  0.00000000E+00   18.000000
  -5.900 -0.10058226E-05  0.10116791E-11  0.00000000E+00   17.405000
  -5.800 -0.17439803E-05  0.30414671E-11  0.00000000E+00   16.820000
  -5.700 -0.29918898E-05  0.89514044E-11  0.00000000E+00   16.245000
  -5.600 -0.50783629E-05  0.25789770E-10  0.00000000E+00   15.680000
  -5.500 -0.85283628E-05  0.72732972E-10  0.00000000E+00   15.125000
  -5.400 -0.14169693E-04  0.20078019E-09  0.00000000E+00   14.580000
  -5.300 -0.23291442E-04  0.54249126E-09  0.00000000E+00   14.045000
  -5.200 -0.37875739E-04  0.14345716E-08  0.00000000E+00   13.520000
  -5.100 -0.60931443E-04  0.37126408E-08  0.00000000E+00   13.005000
  -5.000 -0.96966868E-04  0.94025735E-08  0.00000000E+00   12.500000
  -4.900 -0.15264825E-03  0.23301488E-07  0.00000000E+00   12.005000
  -4.800 -0.23770090E-03  0.56501716E-07  0.00000000E+00   11.520000
  -4.700 -0.36611978E-03  0.13404370E-06  0.00000000E+00   11.045000
  -4.600 -0.55776414E-03  0.31110084E-06  0.00000000E+00   10.580000
  -4.500 -0.84041401E-03  0.70629571E-06  0.00000000E+00   10.125000
  -4.400 -0.12523626E-02  0.15684121E-05  0.00000000E+00    9.680000
  -4.300 -0.18456026E-02  0.34062490E-05  0.00000000E+00    9.245000
  -4.200 -0.26896328E-02  0.72341244E-05  0.00000000E+00    8.820000
  -4.100 -0.38758580E-02  0.15022275E-04  0.00000000E+00    8.405000
  -4.000 -0.55224778E-02  0.30497761E-04  0.00000000E+00    8.000000
  -3.900 -0.77796503E-02  0.60522959E-04  0.00000000E+00    7.605000
  -3.800 -0.10834580E-01  0.11738813E-03  0.00000000E+00    7.220000
  -3.700 -0.14916017E-01  0.22248757E-03  0.00000000E+00    6.845000
  -3.600 -0.20297464E-01  0.41198704E-03  0.00000000E+00    6.480000
  -3.500 -0.27298212E-01  0.74519235E-03  0.00000000E+00    6.125000
  -3.400 -0.36281147E-01  0.13163217E-02  0.00000000E+00    5.780000
  -3.300 -0.47646169E-01  0.22701574E-02  0.00000000E+00    5.445000
  -3.200 -0.61818002E-01  0.38214654E-02  0.00000000E+00    5.120000
  -3.100 -0.79227325E-01  0.62769690E-02  0.00000000E+00    4.805000
  -3.000 -0.10028436E+00  0.10056952E-01  0.00000000E+00    4.500000
  -2.900 -0.12534455E+00  0.15711256E-01  0.00000000E+00    4.205000
  -2.800 -0.15466669E+00  0.23921785E-01  0.00000000E+00    3.920000
  -2.700 -0.18836461E+00  0.35481226E-01  0.00000000E+00    3.645000
  -2.600 -0.22635481E+00  0.51236499E-01  0.00000000E+00    3.380000
  -2.500 -0.26830336E+00  0.71986695E-01  0.00000000E+00    3.125000
  -2.400 -0.31357679E+00  0.98330403E-01  0.00000000E+00    2.880000
  -2.300 -0.36120234E+00  0.13046713E+00  0.00000000E+00    2.645000
  -2.200 -0.40987465E+00  0.16799723E+00  0.81183046E+00    2.420000
  -2.100 -0.45786181E+00  0.20963744E+00  0.42295941E+00    2.205000
  -2.000 -0.50312298E+00  0.25313273E+00  0.32490405E+00    2.000000
  -1.900 -0.54333595E+00  0.29521396E+00  0.27558781E+00    1.805000
  -1.800 -0.57599014E+00  0.33176464E+00  0.24491631E+00    1.620000
  -1.700 -0.59851356E+00  0.35821849E+00  0.22368504E+00    1.445000
  -1.600 -0.60842999E+00  0.37018705E+00  0.20801088E+00    1.280000
  -1.500 -0.60353829E+00  0.36425847E+00  0.19593709E+00    1.125000
  -1.400 -0.58210248E+00  0.33884330E+00  0.18635786E+00    0.980000
  -1.300 -0.54303792E+00  0.29489019E+00  0.17859598E+00    0.845000
  -1.200 -0.48607679E+00  0.23627065E+00  0.17221129E+00    0.720000
  -1.100 -0.41189561E+00  0.16965800E+00  0.16690439E+00    0.605000
  -1.000 -0.32218859E+00  0.10380548E+00  0.16246431E+00    0.500000
  -0.900 -0.21967336E+00  0.48256385E-01  0.15873820E+00    0.405000
  -0.800 -0.10802099E+00  0.11668535E-01  0.15561291E+00    0.320000
  -0.700  0.82922155E-02  0.68760838E-04  0.15300335E+00    0.245000
  -0.600  0.12420597E+00  0.15427123E-01  0.15084485E+00    0.180000
  -0.500  0.23435801E+00  0.54923679E-01  0.14908807E+00    0.125000
  -0.400  0.33340791E+00  0.11116083E+00  0.14769547E+00    0.080000
  -0.300  0.41637833E+00  0.17337091E+00  0.14663892E+00    0.045000
  -0.200  0.47898655E+00  0.22942811E+00  0.14589797E+00    0.020000
  -0.100  0.51793825E+00  0.26826003E+00  0.14545876E+00    0.005000
   0.000  0.53115834E+00  0.28212918E+00  0.14531323E+00    0.000000
   0.100  0.51793825E+00  0.26826003E+00  0.14545876E+00    0.005000
   0.200  0.47898655E+00  0.22942811E+00  0.14589797E+00    0.020000
   0.300  0.41637833E+00  0.17337091E+00  0.14663892E+00    0.045000
   0.400  0.33340791E+00  0.11116083E+00  0.14769547E+00    0.080000
   0.500  0.23435801E+00  0.54923679E-01  0.14908807E+00    0.125000
   0.600  0.12420597E+00  0.15427123E-01  0.15084485E+00    0.180000
   0.700  0.82922155E-02  0.68760838E-04  0.15300335E+00    0.245000
   0.800 -0.10802099E+00  0.11668535E-01  0.15561291E+00    0.320000
   0.900 -0.21967336E+00  0.48256385E-01  0.15873820E+00    0.405000
   1.000 -0.32218859E+00  0.10380548E+00  0.16246431E+00    0.500000
   1.100 -0.41189561E+00  0.16965800E+00  0.16690439E+00    0.605000
   1.200 -0.48607679E+00  0.23627065E+00  0.17221129E+00    0.720000
   1.300 -0.54303792E+00  0.29489019E+00  0.17859598E+00    0.845000
   1.400 -0.58210248E+00  0.33884330E+00  0.18635786E+00    0.980000
   1.500 -0.60353829E+00  0.36425847E+00  0.19593709E+00    1.125000
   1.600 -0.60842999E+00  0.37018705E+00  0.20801088E+00    1.280000
   1.700 -0.59851356E+00  0.35821849E+00  0.22368504E+00    1.445000
   1.800 -0.57599014E+00  0.33176464E+00  0.24491631E+00    1.620000
   1.900 -0.54333595E+00  0.29521396E+00  0.27558781E+00    1.805000
   2.000 -0.50312298E+00  0.25313273E+00  0.32490405E+00    2.000000
   2.100 -0.45786181E+00  0.20963744E+00  0.42295941E+00    2.205000
   2.200 -0.40987465E+00  0.16799723E+00  0.81183046E+00    2.420000
   2.300 -0.36120234E+00  0.13046713E+00  0.00000000E+00    2.645000
   2.400 -0.31357679E+00  0.98330403E-01  0.00000000E+00    2.880000
   2.500 -0.26830336E+00  0.71986695E-01  0.00000000E+00    3.125000
   2.600 -0.22635481E+00  0.51236499E-01  0.00000000E+00    3.380000
   2.700 -0.18836461E+00  0.35481226E-01  0.00000000E+00    3.645000
   2.800 -0.15466669E+00  0.23921785E-01  0.00000000E+00    3.920000
   2.900 -0.12534455E+00  0.15711256E-01  0.00000000E+00    4.205000
   3.000 -0.10028436E+00  0.10056952E-01  0.00000000E+00    4.500000
   3.100 -0.79227325E-01  0.62769690E-02  0.00000000E+00    4.805000
   3.200 -0.61818002E-01  0.38214654E-02  0.00000000E+00    5.120000
   3.300 -0.47646169E-01  0.22701574E-02  0.00000000E+00    5.445000
   3.400 -0.36281147E-01  0.13163217E-02  0.00000000E+00    5.780000
   3.500 -0.27298212E-01  0.74519235E-03  0.00000000E+00    6.125000
   3.600 -0.20297464E-01  0.41198704E-03  0.00000000E+00    6.480000
   3.700 -0.14916017E-01  0.22248757E-03  0.00000000E+00    6.845000
   3.800 -0.10834580E-01  0.11738813E-03  0.00000000E+00    7.220000
   3.900 -0.77796503E-02  0.60522959E-04  0.00000000E+00    7.605000
   4.000 -0.55224778E-02  0.30497761E-04  0.00000000E+00    8.000000
   4.100 -0.38758580E-02  0.15022275E-04  0.00000000E+00    8.405000
   4.200 -0.26896328E-02  0.72341244E-05  0.00000000E+00    8.820000
   4.300 -0.18456026E-02  0.34062490E-05  0.00000000E+00    9.245000
   4.400 -0.12523626E-02  0.15684121E-05  0.00000000E+00    9.680000
   4.500 -0.84041401E-03  0.70629571E-06  0.00000000E+00   10.125000
   4.600 -0.55776414E-03  0.31110084E-06  0.00000000E+00   10.580000
   4.700 -0.36611978E-03  0.13404370E-06  0.00000000E+00   11.045000
   4.800 -0.23770090E-03  0.56501716E-07  0.00000000E+00   11.520000
   4.900 -0.15264825E-03  0.23301488E-07  0.00000000E+00   12.005000
   5.000 -0.96966868E-04  0.94025735E-08  0.00000000E+00   12.500000
   5.100 -0.60931443E-04  0.37126408E-08  0.00000000E+00   13.005000
   5.200 -0.37875739E-04  0.14345716E-08  0.00000000E+00   13.520000
   5.300 -0.23291442E-04  0.54249126E-09  0.00000000E+00   14.045000
   5.400 -0.14169693E-04  0.20078019E-09  0.00000000E+00   14.580000
   5.500 -0.85283628E-05  0.72732972E-10  0.00000000E+00   15.125000
   5.600 -0.50783629E-05  0.25789770E-10  0.00000000E+00   15.680000
   5.700 -0.29918898E-05  0.89514044E-11  0.00000000E+00   16.245000
   5.800 -0.17439803E-05  0.30414671E-11  0.00000000E+00   16.820000
   5.900 -0.10058226E-05  0.10116791E-11  0.00000000E+00   17.405000
   6.000 -0.57397668E-06  0.32944923E-12  0.00000000E+00   18.000000
   6.100 -0.32409238E-06  0.10503587E-12  0.00000000E+00   18.605000
   6.200 -0.18107284E-06  0.32787372E-13  0.00000000E+00   19.220000
   6.300 -0.10010492E-06  0.10020995E-13  0.00000000E+00   19.845000
   6.400 -0.54762408E-07  0.29989213E-14  0.00000000E+00   20.480000
   6.500 -0.29644323E-07  0.87878591E-15  0.00000000E+00   21.125000
   6.600 -0.15879580E-07  0.25216107E-15  0.00000000E+00   21.780000
   6.700 -0.84174622E-08  0.70853669E-16  0.00000000E+00   22.445000
   6.800 -0.44154390E-08  0.19496101E-16  0.00000000E+00   23.120000
   6.900 -0.22920428E-08  0.52534604E-17  0.00000000E+00   23.805000
   7.000 -0.11774243E-08  0.13863279E-17  0.00000000E+00   24.500000
   7.100 -0.59856268E-09  0.35827728E-18  0.00000000E+00   25.205000
   7.200 -0.30113236E-09  0.90680698E-19  0.00000000E+00   25.920000
   7.300 -0.14992734E-09  0.22478208E-19  0.00000000E+00   26.645000
   7.400 -0.73872724E-10  0.54571794E-20  0.00000000E+00   27.380000
   7.500 -0.36022286E-10  0.12976051E-20  0.00000000E+00   28.125000
   7.600 -0.17383855E-10  0.30219842E-21  0.00000000E+00   28.880000
   7.700 -0.83025632E-11  0.68932555E-22  0.00000000E+00   29.645000
   7.800 -0.39243970E-11  0.15400892E-22  0.00000000E+00   30.420000
   7.900 -0.18358261E-11  0.33702576E-23  0.00000000E+00   31.205000
   8.000 -0.84994540E-12  0.72240718E-24  0.00000000E+00   32.000000
   8.100 -0.38945226E-12  0.15167306E-24  0.00000000E+00   32.805000
   8.200 -0.17661346E-12  0.31192316E-25  0.00000000E+00   33.620000
   8.300 -0.79268802E-13  0.62835430E-26  0.00000000E+00   34.445000
   8.400 -0.35212108E-13  0.12398926E-26  0.00000000E+00   35.280000
   8.500 -0.15480865E-13  0.23965717E-27  0.00000000E+00   36.125000
   8.600 -0.67361834E-14  0.45376167E-28  0.00000000E+00   36.980000
   8.700 -0.29010152E-14  0.84158892E-29  0.00000000E+00   37.845000
   8.800 -0.12365318E-14  0.15290109E-29  0.00000000E+00   38.720000
   8.900 -0.52165263E-15  0.27212147E-30  0.00000000E+00   39.605000
   9.000 -0.21781102E-15  0.47441639E-31  0.00000000E+00   40.500000
   9.100 -0.90012326E-16  0.81022189E-32  0.00000000E+00   41.405000
   9.200 -0.36817058E-16  0.13554957E-32  0.00000000E+00   42.320000
   9.300 -0.14904664E-16  0.22214900E-33  0.00000000E+00   43.245000
   9.400 -0.59720288E-17  0.35665128E-34  0.00000000E+00   44.180000
   9.500 -0.23683528E-17  0.56090949E-35  0.00000000E+00   45.125000
   9.600 -0.92956313E-18  0.86408761E-36  0.00000000E+00   46.080000
   9.700 -0.36099687E-18  0.13031874E-36  0.00000000E+00   47.045000
   9.800 -0.13846182E-18  0.19171675E-37  0.00000000E+00   48.020000
   9.900 -0.51787830E-19  0.26819794E-38  0.00000000E+00   49.005000
  10.000 -0.17113031E-19  0.29285584E-39  0.00000000E+00   50.000000


