#   x         y(x)            y(x)^2      classical p(x)    V
  -5.000 -0.35108304E-04  0.12325930E-08  0.00000000E+00   12.500000
  -4.950 -0.71971874E-04  0.51799506E-08  0.00000000E+00   12.251250
  -4.900 -0.11235091E-03  0.12622728E-07  0.00000000E+00   12.005000
  -4.850 -0.15808195E-03  0.24989902E-07  0.00000000E+00   11.761250
  -4.800 -0.21115165E-03  0.44585021E-07  0.00000000E+00   11.520000
  -4.750 -0.27376883E-03  0.74949371E-07  0.00000000E+00   11.281250
  -4.700 -0.34843694E-03  0.12140830E-06  0.00000000E+00   11.045000
  -4.650 -0.43802942E-03  0.19186978E-06  0.00000000E+00   10.811250
  -4.600 -0.54586927E-03  0.29797326E-06  0.00000000E+00   10.580000
  -4.550 -0.67581440E-03  0.45672511E-06  0.00000000E+00   10.351250
  -4.500 -0.83234998E-03  0.69280649E-06  0.00000000E+00   10.125000
  -4.450 -0.10206884E-02  0.10418049E-05  0.00000000E+00    9.901250
  -4.400 -0.12468780E-02  0.15547049E-05  0.00000000E+00    9.680000
  -4.350 -0.15179204E-02  0.23040824E-05  0.00000000E+00    9.461250
  -4.300 -0.18418970E-02  0.33925847E-05  0.00000000E+00    9.245000
  -4.250 -0.22281047E-02  0.49644506E-05  0.00000000E+00    9.031250
  -4.200 -0.26871997E-02  0.72210420E-05  0.00000000E+00    8.820000
  -4.150 -0.32313489E-02  0.10441616E-04  0.00000000E+00    8.611250
  -4.100 -0.38743885E-02  0.15010886E-04  0.00000000E+00    8.405000
  -4.050 -0.46319854E-02  0.21455289E-04  0.00000000E+00    8.201250
  -4.000 -0.55218026E-02  0.30490304E-04  0.00000000E+00    8.000000
  -3.950 -0.65636622E-02  0.43081661E-04  0.00000000E+00    7.801250
  -3.900 -0.77797052E-02  0.60523814E-04  0.00000000E+00    7.605000
  -3.850 -0.91945420E-02  0.84539603E-04  0.00000000E+00    7.411250
  -3.800 -0.10835389E-01  0.11740565E-03  0.00000000E+00    7.220000
  -3.750 -0.12732185E-01  0.16210853E-03  0.00000000E+00    7.031250
  -3.700 -0.14917683E-01  0.22253726E-03  0.00000000E+00    6.845000
  -3.650 -0.17427507E-01  0.30371802E-03  0.00000000E+00    6.661250
  -3.600 -0.20300170E-01  0.41209691E-03  0.00000000E+00    6.480000
  -3.550 -0.23577035E-01  0.55587659E-03  0.00000000E+00    6.301250
  -3.500 -0.27302227E-01  0.74541159E-03  0.00000000E+00    6.125000
  -3.450 -0.31522466E-01  0.99366588E-03  0.00000000E+00    5.951250
  -3.400 -0.36286833E-01  0.13167343E-02  0.00000000E+00    5.780000
  -3.350 -0.41646436E-01  0.17344256E-02  0.00000000E+00    5.611250
  -3.300 -0.47653988E-01  0.22709026E-02  0.00000000E+00    5.445000
  -3.250 -0.54363279E-01  0.29553661E-02  0.00000000E+00    5.281250
  -3.200 -0.61828529E-01  0.38227670E-02  0.00000000E+00    5.120000
  -3.150 -0.70103628E-01  0.49145187E-02  0.00000000E+00    4.961250
  -3.100 -0.79241250E-01  0.62791757E-02  0.00000000E+00    4.805000
  -3.050 -0.89291843E-01  0.79730332E-02  0.00000000E+00    4.651250
  -3.000 -0.10030249E+00  0.10060590E-01  0.00000000E+00    4.500000
  -2.950 -0.11231566E+00  0.12614807E-01  0.00000000E+00    4.351250
  -2.900 -0.12536782E+00  0.15717089E-01  0.00000000E+00    4.205000
  -2.850 -0.13948798E+00  0.19456895E-01  0.00000000E+00    4.061250
  -2.800 -0.15469612E+00  0.23930888E-01  0.00000000E+00    3.920000
  -2.750 -0.17100156E+00  0.29241534E-01  0.00000000E+00    3.781250
  -2.700 -0.18840130E+00  0.35495051E-01  0.00000000E+00    3.645000
  -2.650 -0.20687832E+00  0.42798641E-01  0.00000000E+00    3.511250
  -2.600 -0.22639992E+00  0.51256922E-01  0.00000000E+00    3.380000
  -2.550 -0.24691608E+00  0.60967553E-01  0.00000000E+00    3.251250
  -2.500 -0.26835803E+00  0.72016034E-01  0.00000000E+00    3.125000
  -2.450 -0.29063680E+00  0.84469751E-01  0.00000000E+00    3.001250
  -2.400 -0.31364210E+00  0.98371369E-01  0.00000000E+00    2.880000
  -2.350 -0.33724139E+00  0.11373176E+00  0.00000000E+00    2.761250
  -2.300 -0.36127925E+00  0.13052270E+00  0.00000000E+00    2.645000
  -2.250 -0.38557708E+00  0.14866969E+00  0.00000000E+00    2.531250
  -2.200 -0.40993514E+00  0.16804682E+00  0.85608727E+00    2.420000
  -2.150 -0.43412739E+00  0.18846659E+00  0.55736710E+00    2.311250
  -2.100 -0.45790825E+00  0.20967996E+00  0.44584056E+00    2.205000
  -2.050 -0.48101217E+00  0.23137270E+00  0.38348016E+00    2.101250
  -2.000 -0.50315576E+00  0.25316572E+00  0.34245995E+00    2.000000
  -1.950 -0.52404042E+00  0.27461836E+00  0.31294860E+00    1.901250
  -1.900 -0.54335551E+00  0.29523521E+00  0.29047187E+00    1.805000
  -1.850 -0.56078205E+00  0.31447651E+00  0.27266369E+00    1.711250
  -1.800 -0.57599702E+00  0.33177257E+00  0.25814045E+00    1.620000
  -1.750 -0.58867804E+00  0.34654184E+00  0.24603215E+00    1.531250
  -1.700 -0.59850856E+00  0.35821250E+00  0.23576088E+00    1.445000
  -1.650 -0.60518333E+00  0.36624686E+00  0.22692586E+00    1.361250
  -1.600 -0.60841421E+00  0.37016786E+00  0.21923932E+00    1.280000
  -1.550 -0.60793615E+00  0.36958637E+00  0.21248864E+00    1.201250
  -1.500 -0.60351319E+00  0.36422817E+00  0.20651295E+00    1.125000
  -1.450 -0.59494444E+00  0.35395889E+00  0.20118798E+00    1.051250
  -1.400 -0.58206989E+00  0.33880535E+00  0.19641609E+00    0.980000
  -1.350 -0.56477584E+00  0.31897175E+00  0.19211937E+00    0.911250
  -1.300 -0.54299997E+00  0.29484897E+00  0.18823484E+00    0.845000
  -1.250 -0.51673570E+00  0.26701578E+00  0.18471098E+00    0.781250
  -1.200 -0.48603589E+00  0.23623088E+00  0.18150523E+00    0.720000
  -1.150 -0.45101568E+00  0.20341514E+00  0.17858207E+00    0.661250
  -1.100 -0.41185432E+00  0.16962398E+00  0.17591166E+00    0.605000
  -1.050 -0.36879601E+00  0.13601050E+00  0.17346874E+00    0.551250
  -1.000 -0.32214948E+00  0.10378029E+00  0.17123176E+00    0.500000
  -0.950 -0.27228645E+00  0.74139910E-01  0.16918228E+00    0.451250
  -0.900 -0.21963886E+00  0.48241227E-01  0.16730441E+00    0.405000
  -0.850 -0.16469478E+00  0.27124371E-01  0.16558440E+00    0.361250
  -0.800 -0.10799320E+00  0.11662532E-01  0.16401033E+00    0.320000
  -0.750 -0.50117578E-01  0.25117717E-02  0.16257183E+00    0.281250
  -0.700  0.83116596E-02  0.69083686E-04  0.16125984E+00    0.245000
  -0.650  0.66645578E-01  0.44416331E-02  0.16006646E+00    0.211250
  -0.600  0.12421604E+00  0.15429626E-01  0.15898478E+00    0.180000
  -0.550  0.18034570E+00  0.32524570E-01  0.15800875E+00    0.151250
  -0.500  0.23435840E+00  0.54923858E-01  0.15713313E+00    0.125000
  -0.450  0.28558997E+00  0.81561634E-01  0.15635331E+00    0.101250
  -0.400  0.33339903E+00  0.11115491E+00  0.15566533E+00    0.080000
  -0.350  0.37717757E+00  0.14226292E+00  0.15506577E+00    0.061250
  -0.300  0.41636133E+00  0.17335676E+00  0.15455172E+00    0.045000
  -0.250  0.45043943E+00  0.20289568E+00  0.15412073E+00    0.031250
  -0.200  0.47896324E+00  0.22940578E+00  0.15377076E+00    0.020000
  -0.150  0.50155428E+00  0.25155670E+00  0.15350021E+00    0.011250
  -0.100  0.51791093E+00  0.26823174E+00  0.15330783E+00    0.005000
  -0.050  0.52781380E+00  0.27858741E+00  0.15319275E+00    0.001250
   0.000  0.53112965E+00  0.28209871E+00  0.15315445E+00    0.000000
   0.050  0.52781380E+00  0.27858741E+00  0.15319275E+00    0.001250
   0.100  0.51791093E+00  0.26823174E+00  0.15330783E+00    0.005000
   0.150  0.50155428E+00  0.25155670E+00  0.15350021E+00    0.011250
   0.200  0.47896324E+00  0.22940578E+00  0.15377076E+00    0.020000
   0.250  0.45043943E+00  0.20289568E+00  0.15412073E+00    0.031250
   0.300  0.41636133E+00  0.17335676E+00  0.15455172E+00    0.045000
   0.350  0.37717757E+00  0.14226292E+00  0.15506577E+00    0.061250
   0.400  0.33339903E+00  0.11115491E+00  0.15566533E+00    0.080000
   0.450  0.28558997E+00  0.81561634E-01  0.15635331E+00    0.101250
   0.500  0.23435840E+00  0.54923858E-01  0.15713313E+00    0.125000
   0.550  0.18034570E+00  0.32524570E-01  0.15800875E+00    0.151250
   0.600  0.12421604E+00  0.15429626E-01  0.15898478E+00    0.180000
   0.650  0.66645578E-01  0.44416331E-02  0.16006646E+00    0.211250
   0.700  0.83116596E-02  0.69083686E-04  0.16125984E+00    0.245000
   0.750 -0.50117578E-01  0.25117717E-02  0.16257183E+00    0.281250
   0.800 -0.10799320E+00  0.11662532E-01  0.16401033E+00    0.320000
   0.850 -0.16469478E+00  0.27124371E-01  0.16558440E+00    0.361250
   0.900 -0.21963886E+00  0.48241227E-01  0.16730441E+00    0.405000
   0.950 -0.27228645E+00  0.74139910E-01  0.16918228E+00    0.451250
   1.000 -0.32214948E+00  0.10378029E+00  0.17123176E+00    0.500000
   1.050 -0.36879601E+00  0.13601050E+00  0.17346874E+00    0.551250
   1.100 -0.41185432E+00  0.16962398E+00  0.17591166E+00    0.605000
   1.150 -0.45101568E+00  0.20341514E+00  0.17858207E+00    0.661250
   1.200 -0.48603589E+00  0.23623088E+00  0.18150523E+00    0.720000
   1.250 -0.51673570E+00  0.26701578E+00  0.18471098E+00    0.781250
   1.300 -0.54299997E+00  0.29484897E+00  0.18823484E+00    0.845000
   1.350 -0.56477584E+00  0.31897175E+00  0.19211937E+00    0.911250
   1.400 -0.58206989E+00  0.33880535E+00  0.19641609E+00    0.980000
   1.450 -0.59494444E+00  0.35395889E+00  0.20118798E+00    1.051250
   1.500 -0.60351319E+00  0.36422817E+00  0.20651295E+00    1.125000
   1.550 -0.60793615E+00  0.36958637E+00  0.21248864E+00    1.201250
   1.600 -0.60841421E+00  0.37016786E+00  0.21923932E+00    1.280000
   1.650 -0.60518333E+00  0.36624686E+00  0.22692586E+00    1.361250
   1.700 -0.59850856E+00  0.35821250E+00  0.23576088E+00    1.445000
   1.750 -0.58867804E+00  0.34654184E+00  0.24603215E+00    1.531250
   1.800 -0.57599702E+00  0.33177257E+00  0.25814045E+00    1.620000
   1.850 -0.56078205E+00  0.31447651E+00  0.27266369E+00    1.711250
   1.900 -0.54335551E+00  0.29523521E+00  0.29047187E+00    1.805000
   1.950 -0.52404042E+00  0.27461836E+00  0.31294860E+00    1.901250
   2.000 -0.50315576E+00  0.25316572E+00  0.34245995E+00    2.000000
   2.050 -0.48101217E+00  0.23137270E+00  0.38348016E+00    2.101250
   2.100 -0.45790825E+00  0.20967996E+00  0.44584056E+00    2.205000
   2.150 -0.43412739E+00  0.18846659E+00  0.55736710E+00    2.311250
   2.200 -0.40993514E+00  0.16804682E+00  0.85608727E+00    2.420000
   2.250 -0.38557708E+00  0.14866969E+00  0.00000000E+00    2.531250
   2.300 -0.36127925E+00  0.13052270E+00  0.00000000E+00    2.645000
   2.350 -0.33724139E+00  0.11373176E+00  0.00000000E+00    2.761250
   2.400 -0.31364210E+00  0.98371369E-01  0.00000000E+00    2.880000
   2.450 -0.29063680E+00  0.84469751E-01  0.00000000E+00    3.001250
   2.500 -0.26835803E+00  0.72016034E-01  0.00000000E+00    3.125000
   2.550 -0.24691608E+00  0.60967553E-01  0.00000000E+00    3.251250
   2.600 -0.22639992E+00  0.51256922E-01  0.00000000E+00    3.380000
   2.650 -0.20687832E+00  0.42798641E-01  0.00000000E+00    3.511250
   2.700 -0.18840130E+00  0.35495051E-01  0.00000000E+00    3.645000
   2.750 -0.17100156E+00  0.29241534E-01  0.00000000E+00    3.781250
   2.800 -0.15469612E+00  0.23930888E-01  0.00000000E+00    3.920000
   2.850 -0.13948798E+00  0.19456895E-01  0.00000000E+00    4.061250
   2.900 -0.12536782E+00  0.15717089E-01  0.00000000E+00    4.205000
   2.950 -0.11231566E+00  0.12614807E-01  0.00000000E+00    4.351250
   3.000 -0.10030249E+00  0.10060590E-01  0.00000000E+00    4.500000
   3.050 -0.89291843E-01  0.79730332E-02  0.00000000E+00    4.651250
   3.100 -0.79241250E-01  0.62791757E-02  0.00000000E+00    4.805000
   3.150 -0.70103628E-01  0.49145187E-02  0.00000000E+00    4.961250
   3.200 -0.61828529E-01  0.38227670E-02  0.00000000E+00    5.120000
   3.250 -0.54363279E-01  0.29553661E-02  0.00000000E+00    5.281250
   3.300 -0.47653988E-01  0.22709026E-02  0.00000000E+00    5.445000
   3.350 -0.41646436E-01  0.17344256E-02  0.00000000E+00    5.611250
   3.400 -0.36286833E-01  0.13167343E-02  0.00000000E+00    5.780000
   3.450 -0.31522466E-01  0.99366588E-03  0.00000000E+00    5.951250
   3.500 -0.27302227E-01  0.74541159E-03  0.00000000E+00    6.125000
   3.550 -0.23577035E-01  0.55587659E-03  0.00000000E+00    6.301250
   3.600 -0.20300170E-01  0.41209691E-03  0.00000000E+00    6.480000
   3.650 -0.17427507E-01  0.30371802E-03  0.00000000E+00    6.661250
   3.700 -0.14917683E-01  0.22253726E-03  0.00000000E+00    6.845000
   3.750 -0.12732185E-01  0.16210853E-03  0.00000000E+00    7.031250
   3.800 -0.10835389E-01  0.11740565E-03  0.00000000E+00    7.220000
   3.850 -0.91945420E-02  0.84539603E-04  0.00000000E+00    7.411250
   3.900 -0.77797052E-02  0.60523814E-04  0.00000000E+00    7.605000
   3.950 -0.65636622E-02  0.43081661E-04  0.00000000E+00    7.801250
   4.000 -0.55218026E-02  0.30490304E-04  0.00000000E+00    8.000000
   4.050 -0.46319854E-02  0.21455289E-04  0.00000000E+00    8.201250
   4.100 -0.38743885E-02  0.15010886E-04  0.00000000E+00    8.405000
   4.150 -0.32313489E-02  0.10441616E-04  0.00000000E+00    8.611250
   4.200 -0.26871997E-02  0.72210420E-05  0.00000000E+00    8.820000
   4.250 -0.22281047E-02  0.49644506E-05  0.00000000E+00    9.031250
   4.300 -0.18418970E-02  0.33925847E-05  0.00000000E+00    9.245000
   4.350 -0.15179204E-02  0.23040824E-05  0.00000000E+00    9.461250
   4.400 -0.12468780E-02  0.15547049E-05  0.00000000E+00    9.680000
   4.450 -0.10206884E-02  0.10418049E-05  0.00000000E+00    9.901250
   4.500 -0.83234998E-03  0.69280649E-06  0.00000000E+00   10.125000
   4.550 -0.67581440E-03  0.45672511E-06  0.00000000E+00   10.351250
   4.600 -0.54586927E-03  0.29797326E-06  0.00000000E+00   10.580000
   4.650 -0.43802942E-03  0.19186978E-06  0.00000000E+00   10.811250
   4.700 -0.34843694E-03  0.12140830E-06  0.00000000E+00   11.045000
   4.750 -0.27376883E-03  0.74949371E-07  0.00000000E+00   11.281250
   4.800 -0.21115165E-03  0.44585021E-07  0.00000000E+00   11.520000
   4.850 -0.15808195E-03  0.24989902E-07  0.00000000E+00   11.761250
   4.900 -0.11235091E-03  0.12622728E-07  0.00000000E+00   12.005000
   4.950 -0.71971874E-04  0.51799506E-08  0.00000000E+00   12.251250
   5.000 -0.35108304E-04  0.12325930E-08  0.00000000E+00   12.500000


