#   x         y(x)            y(x)^2      classical p(x)    V
  -4.000 -0.12889416E-02  0.16613704E-05  0.00000000E+00    8.000000
  -3.960 -0.26004906E-02  0.67625515E-05  0.00000000E+00    7.840800
  -3.920 -0.39564338E-02  0.15653369E-04  0.00000000E+00    7.683200
  -3.880 -0.53779736E-02  0.28922600E-04  0.00000000E+00    7.527200
  -3.840 -0.68860233E-02  0.47417317E-04  0.00000000E+00    7.372800
  -3.800 -0.85014575E-02  0.72274779E-04  0.00000000E+00    7.220000
  -3.760 -0.10245322E-01  0.10496663E-03  0.00000000E+00    7.068800
  -3.720 -0.12139011E-01  0.14735560E-03  0.00000000E+00    6.919200
  -3.680 -0.14204408E-01  0.20176519E-03  0.00000000E+00    6.771200
  -3.640 -0.16463998E-01  0.27106321E-03  0.00000000E+00    6.624800
  -3.600 -0.18940955E-01  0.35875979E-03  0.00000000E+00    6.480000
  -3.560 -0.21659200E-01  0.46912096E-03  0.00000000E+00    6.336800
  -3.520 -0.24643425E-01  0.60729841E-03  0.00000000E+00    6.195200
  -3.480 -0.27919100E-01  0.77947615E-03  0.00000000E+00    6.055200
  -3.440 -0.31512444E-01  0.99303412E-03  0.00000000E+00    5.916800
  -3.400 -0.35450372E-01  0.12567289E-02  0.00000000E+00    5.780000
  -3.360 -0.39760411E-01  0.15808903E-02  0.00000000E+00    5.644800
  -3.320 -0.44470582E-01  0.19776326E-02  0.00000000E+00    5.511200
  -3.280 -0.49609255E-01  0.24610782E-02  0.00000000E+00    5.379200
  -3.240 -0.55204971E-01  0.30475889E-02  0.00000000E+00    5.248800
  -3.200 -0.61286227E-01  0.37560016E-02  0.00000000E+00    5.120000
  -3.160 -0.67881227E-01  0.46078610E-02  0.00000000E+00    4.992800
  -3.120 -0.75017604E-01  0.56276409E-02  0.00000000E+00    4.867200
  -3.080 -0.82722100E-01  0.68429459E-02  0.00000000E+00    4.743200
  -3.040 -0.91020218E-01  0.82846801E-02  0.00000000E+00    4.620800
  -3.000 -0.99935833E-01  0.99871706E-02  0.00000000E+00    4.500000
  -2.960 -0.10949078E+00  0.11988230E-01  0.00000000E+00    4.380800
  -2.920 -0.11970440E+00  0.14329142E-01  0.00000000E+00    4.263200
  -2.880 -0.13059306E+00  0.17054548E-01  0.00000000E+00    4.147200
  -2.840 -0.14216969E+00  0.20212222E-01  0.00000000E+00    4.032800
  -2.800 -0.15444321E+00  0.23852706E-01  0.00000000E+00    3.920000
  -2.760 -0.16741802E+00  0.28028792E-01  0.00000000E+00    3.808800
  -2.720 -0.18109344E+00  0.32794834E-01  0.00000000E+00    3.699200
  -2.680 -0.19546319E+00  0.38205858E-01  0.00000000E+00    3.591200
  -2.640 -0.21051481E+00  0.44316483E-01  0.00000000E+00    3.484800
  -2.600 -0.22622912E+00  0.51179614E-01  0.00000000E+00    3.380000
  -2.560 -0.24257973E+00  0.58844926E-01  0.00000000E+00    3.276800
  -2.520 -0.25953253E+00  0.67357137E-01  0.00000000E+00    3.175200
  -2.480 -0.27704525E+00  0.76754068E-01  0.00000000E+00    3.075200
  -2.440 -0.29506701E+00  0.87064540E-01  0.00000000E+00    2.976800
  -2.400 -0.31353806E+00  0.98306112E-01  0.00000000E+00    2.880000
  -2.360 -0.33238942E+00  0.11048273E+00  0.00000000E+00    2.784800
  -2.320 -0.35154274E+00  0.12358230E+00  0.00000000E+00    2.691200
  -2.280 -0.37091019E+00  0.13757437E+00  0.00000000E+00    2.599200
  -2.240 -0.39039439E+00  0.15240778E+00  0.00000000E+00    2.508800
  -2.200 -0.40988939E+00  0.16800931E+00  0.86416668E+00    2.420000
  -2.160 -0.42927851E+00  0.18428004E+00  0.59807077E+00    2.332800
  -2.120 -0.44843703E+00  0.20109577E+00  0.48646670E+00    2.247200
  -2.080 -0.46723191E+00  0.21830566E+00  0.42149282E+00    2.163200
  -2.040 -0.48552241E+00  0.23573201E+00  0.37782095E+00    2.080800
  -2.000 -0.50316086E+00  0.25317085E+00  0.34595944E+00    2.000000
  -1.960 -0.51999357E+00  0.27039331E+00  0.32144412E+00    1.920800
  -1.920 -0.53586193E+00  0.28714800E+00  0.30186332E+00    1.843200
  -1.880 -0.55060355E+00  0.30316427E+00  0.28578519E+00    1.767200
  -1.840 -0.56405367E+00  0.31815654E+00  0.27229915E+00    1.692800
  -1.800 -0.57604658E+00  0.33182966E+00  0.26079491E+00    1.620000
  -1.760 -0.58641724E+00  0.34388518E+00  0.25084619E+00    1.548800
  -1.720 -0.59500298E+00  0.35402855E+00  0.24214506E+00    1.479200
  -1.680 -0.60164531E+00  0.36197708E+00  0.23446285E+00    1.411200
  -1.640 -0.60619176E+00  0.36746845E+00  0.22762573E+00    1.344800
  -1.600 -0.60849786E+00  0.37026964E+00  0.22149893E+00    1.280000
  -1.560 -0.60842906E+00  0.37018592E+00  0.21597615E+00    1.216800
  -1.520 -0.60586274E+00  0.36706966E+00  0.21097227E+00    1.155200
  -1.480 -0.60069019E+00  0.36082870E+00  0.20641825E+00    1.095200
  -1.440 -0.59281848E+00  0.35143375E+00  0.20225743E+00    1.036800
  -1.400 -0.58217236E+00  0.33892466E+00  0.19844284E+00    0.980000
  -1.360 -0.56869601E+00  0.32341516E+00  0.19493516E+00    0.924800
  -1.320 -0.55235466E+00  0.30509567E+00  0.19170122E+00    0.871200
  -1.280 -0.53313604E+00  0.28423404E+00  0.18871282E+00    0.819200
  -1.240 -0.51105172E+00  0.26117387E+00  0.18594582E+00    0.768800
  -1.200 -0.48613814E+00  0.23633029E+00  0.18337942E+00    0.720000
  -1.160 -0.45845746E+00  0.21018324E+00  0.18099562E+00    0.672800
  -1.120 -0.42809814E+00  0.18326802E+00  0.17877874E+00    0.627200
  -1.080 -0.39517524E+00  0.15616347E+00  0.17671507E+00    0.583200
  -1.040 -0.35983042E+00  0.12947793E+00  0.17479259E+00    0.540800
  -1.000 -0.32223162E+00  0.10383321E+00  0.17300066E+00    0.500000
  -0.960 -0.28257243E+00  0.79847176E-01  0.17132991E+00    0.460800
  -0.920 -0.24107113E+00  0.58115292E-01  0.16977200E+00    0.423200
  -0.880 -0.19796943E+00  0.39191897E-01  0.16831953E+00    0.387200
  -0.840 -0.15353083E+00  0.23571716E-01  0.16696587E+00    0.352800
  -0.800 -0.10803870E+00  0.11672361E-01  0.16570513E+00    0.320000
  -0.760 -0.61794108E-01  0.38185118E-02  0.16453202E+00    0.288800
  -0.720 -0.15113273E-01  0.22841103E-03  0.16344178E+00    0.259200
  -0.680  0.31675151E-01  0.10033152E-02  0.16243018E+00    0.231200
  -0.640  0.78233069E-01  0.61204130E-02  0.16149339E+00    0.204800
  -0.600  0.12421611E+00  0.15429641E-01  0.16062797E+00    0.180000
  -0.560  0.16927694E+00  0.28654682E-01  0.15983086E+00    0.156800
  -0.520  0.21306874E+00  0.45398287E-01  0.15909929E+00    0.135200
  -0.480  0.25524869E+00  0.65151895E-01  0.15843080E+00    0.115200
  -0.440  0.29548154E+00  0.87309342E-01  0.15782316E+00    0.096800
  -0.400  0.33344313E+00  0.11118432E+00  0.15727443E+00    0.080000
  -0.360  0.36882386E+00  0.13603104E+00  0.15678286E+00    0.064800
  -0.320  0.40133205E+00  0.16106741E+00  0.15634691E+00    0.051200
  -0.280  0.43069714E+00  0.18550002E+00  0.15596526E+00    0.039200
  -0.240  0.45667269E+00  0.20854995E+00  0.15563675E+00    0.028800
  -0.200  0.47903917E+00  0.22947853E+00  0.15536039E+00    0.020000
  -0.160  0.49760637E+00  0.24761210E+00  0.15513537E+00    0.012800
  -0.120  0.51221563E+00  0.26236485E+00  0.15496103E+00    0.007200
  -0.080  0.52274160E+00  0.27325878E+00  0.15483686E+00    0.003200
  -0.040  0.52909371E+00  0.27994015E+00  0.15476251E+00    0.000800
   0.000  0.53121718E+00  0.28219170E+00  0.15473774E+00    0.000000
   0.040  0.52909371E+00  0.27994015E+00  0.15476251E+00    0.000800
   0.080  0.52274160E+00  0.27325878E+00  0.15483686E+00    0.003200
   0.120  0.51221563E+00  0.26236485E+00  0.15496103E+00    0.007200
   0.160  0.49760637E+00  0.24761210E+00  0.15513537E+00    0.012800
   0.200  0.47903917E+00  0.22947853E+00  0.15536039E+00    0.020000
   0.240  0.45667269E+00  0.20854995E+00  0.15563675E+00    0.028800
   0.280  0.43069714E+00  0.18550002E+00  0.15596526E+00    0.039200
   0.320  0.40133205E+00  0.16106741E+00  0.15634691E+00    0.051200
   0.360  0.36882386E+00  0.13603104E+00  0.15678286E+00    0.064800
   0.400  0.33344313E+00  0.11118432E+00  0.15727443E+00    0.080000
   0.440  0.29548154E+00  0.87309342E-01  0.15782316E+00    0.096800
   0.480  0.25524869E+00  0.65151895E-01  0.15843080E+00    0.115200
   0.520  0.21306874E+00  0.45398287E-01  0.15909929E+00    0.135200
   0.560  0.16927694E+00  0.28654682E-01  0.15983086E+00    0.156800
   0.600  0.12421611E+00  0.15429641E-01  0.16062797E+00    0.180000
   0.640  0.78233069E-01  0.61204130E-02  0.16149339E+00    0.204800
   0.680  0.31675151E-01  0.10033152E-02  0.16243018E+00    0.231200
   0.720 -0.15113273E-01  0.22841103E-03  0.16344178E+00    0.259200
   0.760 -0.61794108E-01  0.38185118E-02  0.16453202E+00    0.288800
   0.800 -0.10803870E+00  0.11672361E-01  0.16570513E+00    0.320000
   0.840 -0.15353083E+00  0.23571716E-01  0.16696587E+00    0.352800
   0.880 -0.19796943E+00  0.39191897E-01  0.16831953E+00    0.387200
   0.920 -0.24107113E+00  0.58115292E-01  0.16977200E+00    0.423200
   0.960 -0.28257243E+00  0.79847176E-01  0.17132991E+00    0.460800
   1.000 -0.32223162E+00  0.10383321E+00  0.17300066E+00    0.500000
   1.040 -0.35983042E+00  0.12947793E+00  0.17479259E+00    0.540800
   1.080 -0.39517524E+00  0.15616347E+00  0.17671507E+00    0.583200
   1.120 -0.42809814E+00  0.18326802E+00  0.17877874E+00    0.627200
   1.160 -0.45845746E+00  0.21018324E+00  0.18099562E+00    0.672800
   1.200 -0.48613814E+00  0.23633029E+00  0.18337942E+00    0.720000
   1.240 -0.51105172E+00  0.26117387E+00  0.18594582E+00    0.768800
   1.280 -0.53313604E+00  0.28423404E+00  0.18871282E+00    0.819200
   1.320 -0.55235466E+00  0.30509567E+00  0.19170122E+00    0.871200
   1.360 -0.56869601E+00  0.32341516E+00  0.19493516E+00    0.924800
   1.400 -0.58217236E+00  0.33892466E+00  0.19844284E+00    0.980000
   1.440 -0.59281848E+00  0.35143375E+00  0.20225743E+00    1.036800
   1.480 -0.60069019E+00  0.36082870E+00  0.20641825E+00    1.095200
   1.520 -0.60586274E+00  0.36706966E+00  0.21097227E+00    1.155200
   1.560 -0.60842906E+00  0.37018592E+00  0.21597615E+00    1.216800
   1.600 -0.60849786E+00  0.37026964E+00  0.22149893E+00    1.280000
   1.640 -0.60619176E+00  0.36746845E+00  0.22762573E+00    1.344800
   1.680 -0.60164531E+00  0.36197708E+00  0.23446285E+00    1.411200
   1.720 -0.59500298E+00  0.35402855E+00  0.24214506E+00    1.479200
   1.760 -0.58641724E+00  0.34388518E+00  0.25084619E+00    1.548800
   1.800 -0.57604658E+00  0.33182966E+00  0.26079491E+00    1.620000
   1.840 -0.56405367E+00  0.31815654E+00  0.27229915E+00    1.692800
   1.880 -0.55060355E+00  0.30316427E+00  0.28578519E+00    1.767200
   1.920 -0.53586193E+00  0.28714800E+00  0.30186332E+00    1.843200
   1.960 -0.51999357E+00  0.27039331E+00  0.32144412E+00    1.920800
   2.000 -0.50316086E+00  0.25317085E+00  0.34595944E+00    2.000000
   2.040 -0.48552241E+00  0.23573201E+00  0.37782095E+00    2.080800
   2.080 -0.46723191E+00  0.21830566E+00  0.42149282E+00    2.163200
   2.120 -0.44843703E+00  0.20109577E+00  0.48646670E+00    2.247200
   2.160 -0.42927851E+00  0.18428004E+00  0.59807077E+00    2.332800
   2.200 -0.40988939E+00  0.16800931E+00  0.86416668E+00    2.420000
   2.240 -0.39039439E+00  0.15240778E+00  0.00000000E+00    2.508800
   2.280 -0.37091019E+00  0.13757437E+00  0.00000000E+00    2.599200
   2.320 -0.35154274E+00  0.12358230E+00  0.00000000E+00    2.691200
   2.360 -0.33238942E+00  0.11048273E+00  0.00000000E+00    2.784800
   2.400 -0.31353806E+00  0.98306112E-01  0.00000000E+00    2.880000
   2.440 -0.29506701E+00  0.87064540E-01  0.00000000E+00    2.976800
   2.480 -0.27704525E+00  0.76754068E-01  0.00000000E+00    3.075200
   2.520 -0.25953253E+00  0.67357137E-01  0.00000000E+00    3.175200
   2.560 -0.24257973E+00  0.58844926E-01  0.00000000E+00    3.276800
   2.600 -0.22622912E+00  0.51179614E-01  0.00000000E+00    3.380000
   2.640 -0.21051481E+00  0.44316483E-01  0.00000000E+00    3.484800
   2.680 -0.19546319E+00  0.38205858E-01  0.00000000E+00    3.591200
   2.720 -0.18109344E+00  0.32794834E-01  0.00000000E+00    3.699200
   2.760 -0.16741802E+00  0.28028792E-01  0.00000000E+00    3.808800
   2.800 -0.15444321E+00  0.23852706E-01  0.00000000E+00    3.920000
   2.840 -0.14216969E+00  0.20212222E-01  0.00000000E+00    4.032800
   2.880 -0.13059306E+00  0.17054548E-01  0.00000000E+00    4.147200
   2.920 -0.11970440E+00  0.14329142E-01  0.00000000E+00    4.263200
   2.960 -0.10949078E+00  0.11988230E-01  0.00000000E+00    4.380800
   3.000 -0.99935833E-01  0.99871706E-02  0.00000000E+00    4.500000
   3.040 -0.91020218E-01  0.82846801E-02  0.00000000E+00    4.620800
   3.080 -0.82722100E-01  0.68429459E-02  0.00000000E+00    4.743200
   3.120 -0.75017604E-01  0.56276409E-02  0.00000000E+00    4.867200
   3.160 -0.67881227E-01  0.46078610E-02  0.00000000E+00    4.992800
   3.200 -0.61286227E-01  0.37560016E-02  0.00000000E+00    5.120000
   3.240 -0.55204971E-01  0.30475889E-02  0.00000000E+00    5.248800
   3.280 -0.49609255E-01  0.24610782E-02  0.00000000E+00    5.379200
   3.320 -0.44470582E-01  0.19776326E-02  0.00000000E+00    5.511200
   3.360 -0.39760411E-01  0.15808903E-02  0.00000000E+00    5.644800
   3.400 -0.35450372E-01  0.12567289E-02  0.00000000E+00    5.780000
   3.440 -0.31512444E-01  0.99303412E-03  0.00000000E+00    5.916800
   3.480 -0.27919100E-01  0.77947615E-03  0.00000000E+00    6.055200
   3.520 -0.24643425E-01  0.60729841E-03  0.00000000E+00    6.195200
   3.560 -0.21659200E-01  0.46912096E-03  0.00000000E+00    6.336800
   3.600 -0.18940955E-01  0.35875979E-03  0.00000000E+00    6.480000
   3.640 -0.16463998E-01  0.27106321E-03  0.00000000E+00    6.624800
   3.680 -0.14204408E-01  0.20176519E-03  0.00000000E+00    6.771200
   3.720 -0.12139011E-01  0.14735560E-03  0.00000000E+00    6.919200
   3.760 -0.10245322E-01  0.10496663E-03  0.00000000E+00    7.068800
   3.800 -0.85014575E-02  0.72274779E-04  0.00000000E+00    7.220000
   3.840 -0.68860233E-02  0.47417317E-04  0.00000000E+00    7.372800
   3.880 -0.53779736E-02  0.28922600E-04  0.00000000E+00    7.527200
   3.920 -0.39564338E-02  0.15653369E-04  0.00000000E+00    7.683200
   3.960 -0.26004906E-02  0.67625515E-05  0.00000000E+00    7.840800
   4.000 -0.12889416E-02  0.16613704E-05  0.00000000E+00    8.000000


