#   x         y(x)            y(x)^2      classical p(x)    V
  -3.000 -0.11620582E-01  0.13503792E-03  0.00000000E+00    4.500000
  -2.970 -0.23281936E-01  0.54204852E-03  0.00000000E+00    4.410450
  -2.940 -0.35021539E-01  0.12265082E-02  0.00000000E+00    4.321800
  -2.910 -0.46873415E-01  0.21971170E-02  0.00000000E+00    4.234050
  -2.880 -0.58868257E-01  0.34654717E-02  0.00000000E+00    4.147200
  -2.850 -0.71033521E-01  0.50457611E-02  0.00000000E+00    4.061250
  -2.820 -0.83393494E-01  0.69544748E-02  0.00000000E+00    3.976200
  -2.790 -0.95969335E-01  0.92101133E-02  0.00000000E+00    3.892050
  -2.760 -0.10877910E+00  0.11832893E-01  0.00000000E+00    3.808800
  -2.730 -0.12183775E+00  0.14844437E-01  0.00000000E+00    3.726450
  -2.700 -0.13515713E+00  0.18267449E-01  0.00000000E+00    3.645000
  -2.670 -0.14874595E+00  0.22125357E-01  0.00000000E+00    3.564450
  -2.640 -0.16260975E+00  0.26441932E-01  0.00000000E+00    3.484800
  -2.610 -0.17675089E+00  0.31240876E-01  0.00000000E+00    3.406050
  -2.580 -0.19116843E+00  0.36545368E-01  0.00000000E+00    3.328200
  -2.550 -0.20585815E+00  0.42377580E-01  0.00000000E+00    3.251250
  -2.520 -0.22081248E+00  0.48758153E-01  0.00000000E+00    3.175200
  -2.490 -0.23602043E+00  0.55705643E-01  0.00000000E+00    3.100050
  -2.460 -0.25146755E+00  0.63235927E-01  0.00000000E+00    3.025800
  -2.430 -0.26713590E+00  0.71361588E-01  0.00000000E+00    2.952450
  -2.400 -0.28300401E+00  0.80091271E-01  0.00000000E+00    2.880000
  -2.370 -0.29904687E+00  0.89429028E-01  0.00000000E+00    2.808450
  -2.340 -0.31523587E+00  0.99373653E-01  0.00000000E+00    2.737800
  -2.310 -0.33153886E+00  0.10991802E+00  0.00000000E+00    2.668050
  -2.280 -0.34792013E+00  0.12104842E+00  0.00000000E+00    2.599200
  -2.250 -0.36434073E+00  0.13274417E+00  0.28349310E+01    2.531250
  -2.220 -0.38075768E+00  0.14497641E+00  0.75644932E+00    2.464200
  -2.190 -0.39712488E+00  0.15770817E+00  0.54644224E+00    2.398050
  -2.160 -0.41339293E+00  0.17089371E+00  0.45044301E+00    2.332800
  -2.130 -0.42950922E+00  0.18447817E+00  0.39264427E+00    2.268450
  -2.100 -0.44541813E+00  0.19839731E+00  0.35305984E+00    2.205000
  -2.070 -0.46106112E+00  0.21257736E+00  0.32381947E+00    2.142450
  -2.040 -0.47637697E+00  0.22693501E+00  0.30111396E+00    2.080800
  -2.010 -0.49130197E+00  0.24137763E+00  0.28284603E+00    2.020050
  -1.980 -0.50577019E+00  0.25580348E+00  0.26775347E+00    1.960200
  -1.950 -0.51971371E+00  0.27010234E+00  0.25502528E+00    1.901250
  -1.920 -0.53306295E+00  0.28415611E+00  0.24411351E+00    1.843200
  -1.890 -0.54574699E+00  0.29783978E+00  0.23463290E+00    1.786050
  -1.860 -0.55769388E+00  0.31102247E+00  0.22630364E+00    1.729800
  -1.830 -0.56883106E+00  0.32356878E+00  0.21891697E+00    1.674450
  -1.800 -0.57908572E+00  0.33534027E+00  0.21231358E+00    1.620000
  -1.770 -0.58838522E+00  0.34619717E+00  0.20636950E+00    1.566450
  -1.740 -0.59665756E+00  0.35600024E+00  0.20098664E+00    1.513800
  -1.710 -0.60383177E+00  0.36461281E+00  0.19608622E+00    1.462050
  -1.680 -0.60983846E+00  0.37190295E+00  0.19160420E+00    1.411200
  -1.650 -0.61461023E+00  0.37774574E+00  0.18748786E+00    1.361250
  -1.620 -0.61808219E+00  0.38202560E+00  0.18369339E+00    1.312200
  -1.590 -0.62019248E+00  0.38463871E+00  0.18018405E+00    1.264050
  -1.560 -0.62088273E+00  0.38549536E+00  0.17692876E+00    1.216800
  -1.530 -0.62009859E+00  0.38452227E+00  0.17390102E+00    1.170450
  -1.500 -0.61779025E+00  0.38166479E+00  0.17107810E+00    1.125000
  -1.470 -0.61391286E+00  0.37688900E+00  0.16844038E+00    1.080450
  -1.440 -0.60842709E+00  0.37018352E+00  0.16597079E+00    1.036800
  -1.410 -0.60129955E+00  0.36156115E+00  0.16365447E+00    0.994050
  -1.380 -0.59250324E+00  0.35106009E+00  0.16147835E+00    0.952200
  -1.350 -0.58201799E+00  0.33874494E+00  0.15943092E+00    0.911250
  -1.320 -0.56983082E+00  0.32470716E+00  0.15750199E+00    0.871200
  -1.290 -0.55593633E+00  0.30906520E+00  0.15568251E+00    0.832050
  -1.260 -0.54033701E+00  0.29196409E+00  0.15396441E+00    0.793800
  -1.230 -0.52304354E+00  0.27357455E+00  0.15234046E+00    0.756450
  -1.200 -0.50407502E+00  0.25409162E+00  0.15080418E+00    0.720000
  -1.170 -0.48345915E+00  0.23373275E+00  0.14934974E+00    0.684450
  -1.140 -0.46123241E+00  0.21273534E+00  0.14797187E+00    0.649800
  -1.110 -0.43744013E+00  0.19135387E+00  0.14666581E+00    0.616050
  -1.080 -0.41213653E+00  0.16985652E+00  0.14542722E+00    0.583200
  -1.050 -0.38538470E+00  0.14852137E+00  0.14425217E+00    0.551250
  -1.020 -0.35725651E+00  0.12763222E+00  0.14313710E+00    0.520200
  -0.990 -0.32783249E+00  0.10747414E+00  0.14207872E+00    0.490050
  -0.960 -0.29720162E+00  0.88328801E-01  0.14107405E+00    0.460800
  -0.930 -0.26546103E+00  0.70469559E-01  0.14012036E+00    0.432450
  -0.900 -0.23271574E+00  0.54156617E-01  0.13921514E+00    0.405000
  -0.870 -0.19907822E+00  0.39632139E-01  0.13835608E+00    0.378450
  -0.840 -0.16466797E+00  0.27115541E-01  0.13754107E+00    0.352800
  -0.810 -0.12961099E+00  0.16799010E-01  0.13676815E+00    0.328050
  -0.780 -0.94039258E-01  0.88433820E-02  0.13603553E+00    0.304200
  -0.750 -0.58090067E-01  0.33744559E-02  0.13534156E+00    0.281250
  -0.720 -0.21905405E-01  0.47984676E-03  0.13468471E+00    0.259200
  -0.690  0.14368778E-01  0.20646178E-03  0.13406357E+00    0.238050
  -0.660  0.50583314E-01  0.25586717E-02  0.13347685E+00    0.217800
  -0.630  0.86586609E-01  0.74972409E-02  0.13292334E+00    0.198450
  -0.600  0.12222546E+00  0.14939063E-01  0.13240194E+00    0.180000
  -0.570  0.15734590E+00  0.24757731E-01  0.13191162E+00    0.162450
  -0.540  0.19179406E+00  0.36784963E-01  0.13145145E+00    0.145800
  -0.510  0.22541709E+00  0.50812863E-01  0.13102056E+00    0.130050
  -0.480  0.25806396E+00  0.66597010E-01  0.13061814E+00    0.115200
  -0.450  0.28958647E+00  0.83860322E-01  0.13024347E+00    0.101250
  -0.420  0.31984002E+00  0.10229764E+00  0.12989588E+00    0.088200
  -0.390  0.34868457E+00  0.12158093E+00  0.12957475E+00    0.076050
  -0.360  0.37598544E+00  0.14136505E+00  0.12927952E+00    0.064800
  -0.330  0.40161420E+00  0.16129396E+00  0.12900968E+00    0.054450
  -0.300  0.42544939E+00  0.18100718E+00  0.12876477E+00    0.045000
  -0.270  0.44737736E+00  0.20014651E+00  0.12854439E+00    0.036450
  -0.240  0.46729295E+00  0.21836270E+00  0.12834817E+00    0.028800
  -0.210  0.48510015E+00  0.23532216E+00  0.12817577E+00    0.022050
  -0.180  0.50071274E+00  0.25071325E+00  0.12802692E+00    0.016200
  -0.150  0.51405483E+00  0.26425237E+00  0.12790137E+00    0.011250
  -0.120  0.52506135E+00  0.27568942E+00  0.12779893E+00    0.007200
  -0.090  0.53367847E+00  0.28481271E+00  0.12771942E+00    0.004050
  -0.060  0.53986396E+00  0.29145310E+00  0.12766271E+00    0.001800
  -0.030  0.54358746E+00  0.29548733E+00  0.12762873E+00    0.000450
   0.000  0.54483066E+00  0.29684045E+00  0.12761741E+00    0.000000
   0.030  0.54358746E+00  0.29548733E+00  0.12762873E+00    0.000450
   0.060  0.53986396E+00  0.29145310E+00  0.12766271E+00    0.001800
   0.090  0.53367847E+00  0.28481271E+00  0.12771942E+00    0.004050
   0.120  0.52506135E+00  0.27568942E+00  0.12779893E+00    0.007200
   0.150  0.51405483E+00  0.26425237E+00  0.12790137E+00    0.011250
   0.180  0.50071274E+00  0.25071325E+00  0.12802692E+00    0.016200
   0.210  0.48510015E+00  0.23532216E+00  0.12817577E+00    0.022050
   0.240  0.46729295E+00  0.21836270E+00  0.12834817E+00    0.028800
   0.270  0.44737736E+00  0.20014651E+00  0.12854439E+00    0.036450
   0.300  0.42544939E+00  0.18100718E+00  0.12876477E+00    0.045000
   0.330  0.40161420E+00  0.16129396E+00  0.12900968E+00    0.054450
   0.360  0.37598544E+00  0.14136505E+00  0.12927952E+00    0.064800
   0.390  0.34868457E+00  0.12158093E+00  0.12957475E+00    0.076050
   0.420  0.31984002E+00  0.10229764E+00  0.12989588E+00    0.088200
   0.450  0.28958647E+00  0.83860322E-01  0.13024347E+00    0.101250
   0.480  0.25806396E+00  0.66597010E-01  0.13061814E+00    0.115200
   0.510  0.22541709E+00  0.50812863E-01  0.13102056E+00    0.130050
   0.540  0.19179406E+00  0.36784963E-01  0.13145145E+00    0.145800
   0.570  0.15734590E+00  0.24757731E-01  0.13191162E+00    0.162450
   0.600  0.12222546E+00  0.14939063E-01  0.13240194E+00    0.180000
   0.630  0.86586609E-01  0.74972409E-02  0.13292334E+00    0.198450
   0.660  0.50583314E-01  0.25586717E-02  0.13347685E+00    0.217800
   0.690  0.14368778E-01  0.20646178E-03  0.13406357E+00    0.238050
   0.720 -0.21905405E-01  0.47984676E-03  0.13468471E+00    0.259200
   0.750 -0.58090067E-01  0.33744559E-02  0.13534156E+00    0.281250
   0.780 -0.94039258E-01  0.88433820E-02  0.13603553E+00    0.304200
   0.810 -0.12961099E+00  0.16799010E-01  0.13676815E+00    0.328050
   0.840 -0.16466797E+00  0.27115541E-01  0.13754107E+00    0.352800
   0.870 -0.19907822E+00  0.39632139E-01  0.13835608E+00    0.378450
   0.900 -0.23271574E+00  0.54156617E-01  0.13921514E+00    0.405000
   0.930 -0.26546103E+00  0.70469559E-01  0.14012036E+00    0.432450
   0.960 -0.29720162E+00  0.88328801E-01  0.14107405E+00    0.460800
   0.990 -0.32783249E+00  0.10747414E+00  0.14207872E+00    0.490050
   1.020 -0.35725651E+00  0.12763222E+00  0.14313710E+00    0.520200
   1.050 -0.38538470E+00  0.14852137E+00  0.14425217E+00    0.551250
   1.080 -0.41213653E+00  0.16985652E+00  0.14542722E+00    0.583200
   1.110 -0.43744013E+00  0.19135387E+00  0.14666581E+00    0.616050
   1.140 -0.46123241E+00  0.21273534E+00  0.14797187E+00    0.649800
   1.170 -0.48345915E+00  0.23373275E+00  0.14934974E+00    0.684450
   1.200 -0.50407502E+00  0.25409162E+00  0.15080418E+00    0.720000
   1.230 -0.52304354E+00  0.27357455E+00  0.15234046E+00    0.756450
   1.260 -0.54033701E+00  0.29196409E+00  0.15396441E+00    0.793800
   1.290 -0.55593633E+00  0.30906520E+00  0.15568251E+00    0.832050
   1.320 -0.56983082E+00  0.32470716E+00  0.15750199E+00    0.871200
   1.350 -0.58201799E+00  0.33874494E+00  0.15943092E+00    0.911250
   1.380 -0.59250324E+00  0.35106009E+00  0.16147835E+00    0.952200
   1.410 -0.60129955E+00  0.36156115E+00  0.16365447E+00    0.994050
   1.440 -0.60842709E+00  0.37018352E+00  0.16597079E+00    1.036800
   1.470 -0.61391286E+00  0.37688900E+00  0.16844038E+00    1.080450
   1.500 -0.61779025E+00  0.38166479E+00  0.17107810E+00    1.125000
   1.530 -0.62009859E+00  0.38452227E+00  0.17390102E+00    1.170450
   1.560 -0.62088273E+00  0.38549536E+00  0.17692876E+00    1.216800
   1.590 -0.62019248E+00  0.38463871E+00  0.18018405E+00    1.264050
   1.620 -0.61808219E+00  0.38202560E+00  0.18369339E+00    1.312200
   1.650 -0.61461023E+00  0.37774574E+00  0.18748786E+00    1.361250
   1.680 -0.60983846E+00  0.37190295E+00  0.19160420E+00    1.411200
   1.710 -0.60383177E+00  0.36461281E+00  0.19608622E+00    1.462050
   1.740 -0.59665756E+00  0.35600024E+00  0.20098664E+00    1.513800
   1.770 -0.58838522E+00  0.34619717E+00  0.20636950E+00    1.566450
   1.800 -0.57908572E+00  0.33534027E+00  0.21231358E+00    1.620000
   1.830 -0.56883106E+00  0.32356878E+00  0.21891697E+00    1.674450
   1.860 -0.55769388E+00  0.31102247E+00  0.22630364E+00    1.729800
   1.890 -0.54574699E+00  0.29783978E+00  0.23463290E+00    1.786050
   1.920 -0.53306295E+00  0.28415611E+00  0.24411351E+00    1.843200
   1.950 -0.51971371E+00  0.27010234E+00  0.25502528E+00    1.901250
   1.980 -0.50577019E+00  0.25580348E+00  0.26775347E+00    1.960200
   2.010 -0.49130197E+00  0.24137763E+00  0.28284603E+00    2.020050
   2.040 -0.47637697E+00  0.22693501E+00  0.30111396E+00    2.080800
   2.070 -0.46106112E+00  0.21257736E+00  0.32381947E+00    2.142450
   2.100 -0.44541813E+00  0.19839731E+00  0.35305984E+00    2.205000
   2.130 -0.42950922E+00  0.18447817E+00  0.39264427E+00    2.268450
   2.160 -0.41339293E+00  0.17089371E+00  0.45044301E+00    2.332800
   2.190 -0.39712488E+00  0.15770817E+00  0.54644224E+00    2.398050
   2.220 -0.38075768E+00  0.14497641E+00  0.75644932E+00    2.464200
   2.250 -0.36434073E+00  0.13274417E+00  0.28349310E+01    2.531250
   2.280 -0.34792013E+00  0.12104842E+00  0.00000000E+00    2.599200
   2.310 -0.33153886E+00  0.10991802E+00  0.00000000E+00    2.668050
   2.340 -0.31523587E+00  0.99373653E-01  0.00000000E+00    2.737800
   2.370 -0.29904687E+00  0.89429028E-01  0.00000000E+00    2.808450
   2.400 -0.28300401E+00  0.80091271E-01  0.00000000E+00    2.880000
   2.430 -0.26713590E+00  0.71361588E-01  0.00000000E+00    2.952450
   2.460 -0.25146755E+00  0.63235927E-01  0.00000000E+00    3.025800
   2.490 -0.23602043E+00  0.55705643E-01  0.00000000E+00    3.100050
   2.520 -0.22081248E+00  0.48758153E-01  0.00000000E+00    3.175200
   2.550 -0.20585815E+00  0.42377580E-01  0.00000000E+00    3.251250
   2.580 -0.19116843E+00  0.36545368E-01  0.00000000E+00    3.328200
   2.610 -0.17675089E+00  0.31240876E-01  0.00000000E+00    3.406050
   2.640 -0.16260975E+00  0.26441932E-01  0.00000000E+00    3.484800
   2.670 -0.14874595E+00  0.22125357E-01  0.00000000E+00    3.564450
   2.700 -0.13515713E+00  0.18267449E-01  0.00000000E+00    3.645000
   2.730 -0.12183775E+00  0.14844437E-01  0.00000000E+00    3.726450
   2.760 -0.10877910E+00  0.11832893E-01  0.00000000E+00    3.808800
   2.790 -0.95969335E-01  0.92101133E-02  0.00000000E+00    3.892050
   2.820 -0.83393494E-01  0.69544748E-02  0.00000000E+00    3.976200
   2.850 -0.71033521E-01  0.50457611E-02  0.00000000E+00    4.061250
   2.880 -0.58868257E-01  0.34654717E-02  0.00000000E+00    4.147200
   2.910 -0.46873415E-01  0.21971170E-02  0.00000000E+00    4.234050
   2.940 -0.35021539E-01  0.12265082E-02  0.00000000E+00    4.321800
   2.970 -0.23281936E-01  0.54204852E-03  0.00000000E+00    4.410450
   3.000 -0.11620582E-01  0.13503792E-03  0.00000000E+00    4.500000


